<?xml version="1.0" encoding="UTF-8"?>
<!-- Generated by org.testng.reporters.JUnitXMLReporter -->
<testsuite hostname="LAPTOP-Q02S9RB3" name="Test" tests="4" failures="0" timestamp="19 Aug 2022 15:06:58 GMT" time="0.019" errors="0">
  <testcase name="BroswerAutomation" time="0.01" classname="mavenlearning.SeleniumTest"/>
  <testcase name="elementsUI" time="0.0" classname="mavenlearning.SeleniumTest"/>
  <testcase name="IOSApps" time="0.0" classname="mavenlearning.AppiumTest"/>
  <testcase name="NativeAppAndroid" time="0.0" classname="mavenlearning.AppiumTest"/>
</testsuite> <!-- Test -->
