<?xml version="1.0" encoding="UTF-8"?>
<testng-results skipped="0" failed="0" total="4" passed="4">
  <reporter-output>
  </reporter-output>
  <suite name="Suite" duration-ms="19" started-at="2022-08-19T15:06:58Z" finished-at="2022-08-19T15:06:58Z">
    <groups>
    </groups>
    <test name="Test" duration-ms="19" started-at="2022-08-19T15:06:58Z" finished-at="2022-08-19T15:06:58Z">
      <class name="mavenlearning.AppiumTest">
        <test-method status="PASS" signature="NativeAppAndroid()[pri:0, instance:mavenlearning.AppiumTest@163e4e87]" name="NativeAppAndroid" duration-ms="0" started-at="2022-08-19T20:36:58Z" finished-at="2022-08-19T20:36:58Z">
          <reporter-output>
          </reporter-output>
        </test-method> <!-- NativeAppAndroid -->
        <test-method status="PASS" signature="IOSApps()[pri:0, instance:mavenlearning.AppiumTest@163e4e87]" name="IOSApps" duration-ms="0" started-at="2022-08-19T20:36:58Z" finished-at="2022-08-19T20:36:58Z">
          <reporter-output>
          </reporter-output>
        </test-method> <!-- IOSApps -->
      </class> <!-- mavenlearning.AppiumTest -->
      <class name="mavenlearning.SeleniumTest">
        <test-method status="PASS" signature="BroswerAutomation()[pri:0, instance:mavenlearning.SeleniumTest@4e91d63f]" name="BroswerAutomation" duration-ms="10" started-at="2022-08-19T20:36:58Z" finished-at="2022-08-19T20:36:58Z">
          <reporter-output>
          </reporter-output>
        </test-method> <!-- BroswerAutomation -->
        <test-method status="PASS" signature="elementsUI()[pri:0, instance:mavenlearning.SeleniumTest@4e91d63f]" name="elementsUI" duration-ms="0" started-at="2022-08-19T20:36:58Z" finished-at="2022-08-19T20:36:58Z">
          <reporter-output>
          </reporter-output>
        </test-method> <!-- elementsUI -->
      </class> <!-- mavenlearning.SeleniumTest -->
    </test> <!-- Test -->
  </suite> <!-- Suite -->
</testng-results>
