<?xml version="1.0" encoding="UTF-8"?>
<testng-results ignored="0" total="1" passed="1" failed="0" skipped="0">
  <reporter-output>
  </reporter-output>
  <suite started-at="2022-08-20T15:22:22 IST" name="Default suite" finished-at="2022-08-20T15:22:29 IST" duration-ms="6902">
    <groups>
    </groups>
    <test started-at="2022-08-20T15:22:22 IST" name="Default test" finished-at="2022-08-20T15:22:29 IST" duration-ms="6902">
      <class name="mavenlearning.SeleniumTest">
        <test-method is-config="true" signature="config()[pri:0, instance:mavenlearning.SeleniumTest@2667f029]" started-at="2022-08-20T15:22:22 IST" name="config" finished-at="2022-08-20T15:22:22 IST" duration-ms="226" status="PASS">
          <reporter-output>
          </reporter-output>
        </test-method> <!-- config -->
        <test-method signature="ExtentReportDemo()[pri:0, instance:mavenlearning.SeleniumTest@2667f029]" started-at="2022-08-20T15:22:22 IST" name="ExtentReportDemo" finished-at="2022-08-20T15:22:28 IST" duration-ms="6653" status="PASS">
          <reporter-output>
          </reporter-output>
        </test-method> <!-- ExtentReportDemo -->
      </class> <!-- mavenlearning.SeleniumTest -->
    </test> <!-- Default test -->
  </suite> <!-- Default suite -->
</testng-results>
